minMoves 51
F4 .  .  .  .  .  .  .  .  .  .  .  v
F3 .  .  .  .  .  .  .  2M 3M 4M 5M v
F2 .  5G 4G 3G 2G .  .  .  .  .  .  v
F1 E  .  .  .  .  1G 1M .  .  .  .  v

1: {Dest: 2 Objs:[1G,1M]}
F4 .  .  .  .  .  .  .  .  .  .  .  v
F3 .  .  .  .  .  .  .  2M 3M 4M 5M v
F2 E  5G 4G 3G 2G 1G 1M .  .  .  .  v
F1 .  .  .  .  .  .  .  .  .  .  .  v

2: {Dest: 3 Objs:[1M]}
F4 .  .  .  .  .  .  .  .  .  .  .  v
F3 E  .  .  .  .  .  1M 2M 3M 4M 5M v
F2 .  5G 4G 3G 2G 1G .  .  .  .  .  v
F1 .  .  .  .  .  .  .  .  .  .  .  v

3: {Dest: 4 Objs:[1M,5M]}
F4 E  .  .  .  .  .  1M .  .  .  5M v
F3 .  .  .  .  .  .  .  2M 3M 4M .  v
F2 .  5G 4G 3G 2G 1G .  .  .  .  .  v
F1 .  .  .  .  .  .  .  .  .  .  .  v

4: {Dest: 3 Objs:[1M]}
F4 .  .  .  .  .  .  .  .  .  .  5M v
F3 E  .  .  .  .  .  1M 2M 3M 4M .  v
F2 .  5G 4G 3G 2G 1G .  .  .  .  .  v
F1 .  .  .  .  .  .  .  .  .  .  .  v

5: {Dest: 2 Objs:[2M,3M]}
F4 .  .  .  .  .  .  .  .  .  .  5M v
F3 .  .  .  .  .  .  1M .  .  4M .  v
F2 E  5G 4G 3G 2G 1G .  2M 3M .  .  v
F1 .  .  .  .  .  .  .  .  .  .  .  v

6: {Dest: 3 Objs:[4G,1G]}
F4 .  .  .  .  .  .  .  .  .  .  5M v
F3 E  .  4G .  .  1G 1M .  .  4M .  v
F2 .  5G .  3G 2G .  .  2M 3M .  .  v
F1 .  .  .  .  .  .  .  .  .  .  .  v

7: {Dest: 4 Objs:[1M,4M]}
F4 E  .  .  .  .  .  1M .  .  4M 5M v
F3 .  .  4G .  .  1G .  .  .  .  .  v
F2 .  5G .  3G 2G .  .  2M 3M .  .  v
F1 .  .  .  .  .  .  .  .  .  .  .  v

8: {Dest: 3 Objs:[4M]}
F4 .  .  .  .  .  .  1M .  .  .  5M v
F3 E  .  4G .  .  1G .  .  .  4M .  v
F2 .  5G .  3G 2G .  .  2M 3M .  .  v
F1 .  .  .  .  .  .  .  .  .  .  .  v

9: {Dest: 2 Objs:[1G]}
F4 .  .  .  .  .  .  1M .  .  .  5M v
F3 .  .  4G .  .  .  .  .  .  4M .  v
F2 E  5G .  3G 2G 1G .  2M 3M .  .  v
F1 .  .  .  .  .  .  .  .  .  .  .  v

10: {Dest: 1 Objs:[3G,3M]}
F4 .  .  .  .  .  .  1M .  .  .  5M v
F3 .  .  4G .  .  .  .  .  .  4M .  v
F2 .  5G .  .  2G 1G .  2M .  .  .  v
F1 E  .  .  3G .  .  .  .  3M .  .  v

11: {Dest: 2 Objs:[3G]}
F4 .  .  .  .  .  .  1M .  .  .  5M v
F3 .  .  4G .  .  .  .  .  .  4M .  v
F2 E  5G .  3G 2G 1G .  2M .  .  .  v
F1 .  .  .  .  .  .  .  .  3M .  .  v

12: {Dest: 3 Objs:[5G,3G]}
F4 .  .  .  .  .  .  1M .  .  .  5M v
F3 E  5G 4G 3G .  .  .  .  .  4M .  v
F2 .  .  .  .  2G 1G .  2M .  .  .  v
F1 .  .  .  .  .  .  .  .  3M .  .  v

13: {Dest: 2 Objs:[5G]}
F4 .  .  .  .  .  .  1M .  .  .  5M v
F3 .  .  4G 3G .  .  .  .  .  4M .  v
F2 E  5G .  .  2G 1G .  2M .  .  .  v
F1 .  .  .  .  .  .  .  .  3M .  .  v

14: {Dest: 3 Objs:[5G,1G]}
F4 .  .  .  .  .  .  1M .  .  .  5M v
F3 E  5G 4G 3G .  1G .  .  .  4M .  v
F2 .  .  .  .  2G .  .  2M .  .  .  v
F1 .  .  .  .  .  .  .  .  3M .  .  v

15: {Dest: 2 Objs:[5G]}
F4 .  .  .  .  .  .  1M .  .  .  5M v
F3 .  .  4G 3G .  1G .  .  .  4M .  v
F2 E  5G .  .  2G .  .  2M .  .  .  v
F1 .  .  .  .  .  .  .  .  3M .  .  v

16: {Dest: 3 Objs:[5G,2G]}
F4 .  .  .  .  .  .  1M .  .  .  5M v
F3 E  5G 4G 3G 2G 1G .  .  .  4M .  v
F2 .  .  .  .  .  .  .  2M .  .  .  v
F1 .  .  .  .  .  .  .  .  3M .  .  v

17: {Dest: 4 Objs:[4M]}
F4 E  .  .  .  .  .  1M .  .  4M 5M v
F3 .  5G 4G 3G 2G 1G .  .  .  .  .  v
F2 .  .  .  .  .  .  .  2M .  .  .  v
F1 .  .  .  .  .  .  .  .  3M .  .  v

18: {Dest: 3 Objs:[1M,5M]}
F4 .  .  .  .  .  .  .  .  .  4M .  v
F3 E  5G 4G 3G 2G 1G 1M .  .  .  5M v
F2 .  .  .  .  .  .  .  2M .  .  .  v
F1 .  .  .  .  .  .  .  .  3M .  .  v

19: {Dest: 2 Objs:[1M]}
F4 .  .  .  .  .  .  .  .  .  4M .  v
F3 .  5G 4G 3G 2G 1G .  .  .  .  5M v
F2 E  .  .  .  .  .  1M 2M .  .  .  v
F1 .  .  .  .  .  .  .  .  3M .  .  v

20: {Dest: 1 Objs:[1M]}
F4 .  .  .  .  .  .  .  .  .  4M .  v
F3 .  5G 4G 3G 2G 1G .  .  .  .  5M v
F2 .  .  .  .  .  .  .  2M .  .  .  v
F1 E  .  .  .  .  .  1M .  3M .  .  v

21: {Dest: 2 Objs:[3M]}
F4 .  .  .  .  .  .  .  .  .  4M .  v
F3 .  5G 4G 3G 2G 1G .  .  .  .  5M v
F2 E  .  .  .  .  .  .  2M 3M .  .  v
F1 .  .  .  .  .  .  1M .  .  .  .  v

22: {Dest: 3 Objs:[2M]}
F4 .  .  .  .  .  .  .  .  .  4M .  v
F3 E  5G 4G 3G 2G 1G .  2M .  .  5M v
F2 .  .  .  .  .  .  .  .  3M .  .  v
F1 .  .  .  .  .  .  1M .  .  .  .  v

23: {Dest: 4 Objs:[4G,1G]}
F4 E  .  4G .  .  1G .  .  .  4M .  v
F3 .  5G .  3G 2G .  .  2M .  .  5M v
F2 .  .  .  .  .  .  .  .  3M .  .  v
F1 .  .  .  .  .  .  1M .  .  .  .  v

24: {Dest: 3 Objs:[4G,4M]}
F4 .  .  .  .  .  1G .  .  .  .  .  v
F3 E  5G 4G 3G 2G .  .  2M .  4M 5M v
F2 .  .  .  .  .  .  .  .  3M .  .  v
F1 .  .  .  .  .  .  1M .  .  .  .  v

25: {Dest: 2 Objs:[4M]}
F4 .  .  .  .  .  1G .  .  .  .  .  v
F3 .  5G 4G 3G 2G .  .  2M .  .  5M v
F2 E  .  .  .  .  .  .  .  3M 4M .  v
F1 .  .  .  .  .  .  1M .  .  .  .  v

26: {Dest: 3 Objs:[3M]}
F4 .  .  .  .  .  1G .  .  .  .  .  v
F3 E  5G 4G 3G 2G .  .  2M 3M .  5M v
F2 .  .  .  .  .  .  .  .  .  4M .  v
F1 .  .  .  .  .  .  1M .  .  .  .  v

27: {Dest: 4 Objs:[3G,3M]}
F4 E  .  .  3G .  1G .  .  3M .  .  v
F3 .  5G 4G .  2G .  .  2M .  .  5M v
F2 .  .  .  .  .  .  .  .  .  4M .  v
F1 .  .  .  .  .  .  1M .  .  .  .  v

28: {Dest: 3 Objs:[1G]}
F4 .  .  .  3G .  .  .  .  3M .  .  v
F3 E  5G 4G .  2G 1G .  2M .  .  5M v
F2 .  .  .  .  .  .  .  .  .  4M .  v
F1 .  .  .  .  .  .  1M .  .  .  .  v

29: {Dest: 4 Objs:[4G,1G]}
F4 E  .  4G 3G .  1G .  .  3M .  .  v
F3 .  5G .  .  2G .  .  2M .  .  5M v
F2 .  .  .  .  .  .  .  .  .  4M .  v
F1 .  .  .  .  .  .  1M .  .  .  .  v

30: {Dest: 3 Objs:[3G,3M]}
F4 .  .  4G .  .  1G .  .  .  .  .  v
F3 E  5G .  3G 2G .  .  2M 3M .  5M v
F2 .  .  .  .  .  .  .  .  .  4M .  v
F1 .  .  .  .  .  .  1M .  .  .  .  v

31: {Dest: 4 Objs:[2G,2M]}
F4 E  .  4G .  2G 1G .  2M .  .  .  v
F3 .  5G .  3G .  .  .  .  3M .  5M v
F2 .  .  .  .  .  .  .  .  .  4M .  v
F1 .  .  .  .  .  .  1M .  .  .  .  v

32: {Dest: 3 Objs:[4G]}
F4 .  .  .  .  2G 1G .  2M .  .  .  v
F3 E  5G 4G 3G .  .  .  .  3M .  5M v
F2 .  .  .  .  .  .  .  .  .  4M .  v
F1 .  .  .  .  .  .  1M .  .  .  .  v

33: {Dest: 4 Objs:[5G,5M]}
F4 E  5G .  .  2G 1G .  2M .  .  5M v
F3 .  .  4G 3G .  .  .  .  3M .  .  v
F2 .  .  .  .  .  .  .  .  .  4M .  v
F1 .  .  .  .  .  .  1M .  .  .  .  v

34: {Dest: 3 Objs:[1G]}
F4 .  5G .  .  2G .  .  2M .  .  5M v
F3 E  .  4G 3G .  1G .  .  3M .  .  v
F2 .  .  .  .  .  .  .  .  .  4M .  v
F1 .  .  .  .  .  .  1M .  .  .  .  v

35: {Dest: 4 Objs:[4G,1G]}
F4 E  5G 4G .  2G 1G .  2M .  .  5M v
F3 .  .  .  3G .  .  .  .  3M .  .  v
F2 .  .  .  .  .  .  .  .  .  4M .  v
F1 .  .  .  .  .  .  1M .  .  .  .  v

36: {Dest: 3 Objs:[4G]}
F4 .  5G .  .  2G 1G .  2M .  .  5M v
F3 E  .  4G 3G .  .  .  .  3M .  .  v
F2 .  .  .  .  .  .  .  .  .  4M .  v
F1 .  .  .  .  .  .  1M .  .  .  .  v

37: {Dest: 2 Objs:[4G]}
F4 .  5G .  .  2G 1G .  2M .  .  5M v
F3 .  .  .  3G .  .  .  .  3M .  .  v
F2 E  .  4G .  .  .  .  .  .  4M .  v
F1 .  .  .  .  .  .  1M .  .  .  .  v

38: {Dest: 3 Objs:[4G,4M]}
F4 .  5G .  .  2G 1G .  2M .  .  5M v
F3 E  .  4G 3G .  .  .  .  3M 4M .  v
F2 .  .  .  .  .  .  .  .  .  .  .  v
F1 .  .  .  .  .  .  1M .  .  .  .  v

39: {Dest: 2 Objs:[3M]}
F4 .  5G .  .  2G 1G .  2M .  .  5M v
F3 .  .  4G 3G .  .  .  .  .  4M .  v
F2 E  .  .  .  .  .  .  .  3M .  .  v
F1 .  .  .  .  .  .  1M .  .  .  .  v

40: {Dest: 1 Objs:[3M]}
F4 .  5G .  .  2G 1G .  2M .  .  5M v
F3 .  .  4G 3G .  .  .  .  .  4M .  v
F2 .  .  .  .  .  .  .  .  .  .  .  v
F1 E  .  .  .  .  .  1M .  3M .  .  v

41: {Dest: 2 Objs:[1M,3M]}
F4 .  5G .  .  2G 1G .  2M .  .  5M v
F3 .  .  4G 3G .  .  .  .  .  4M .  v
F2 E  .  .  .  .  .  1M .  3M .  .  v
F1 .  .  .  .  .  .  .  .  .  .  .  v

42: {Dest: 3 Objs:[3M]}
F4 .  5G .  .  2G 1G .  2M .  .  5M v
F3 E  .  4G 3G .  .  .  .  3M 4M .  v
F2 .  .  .  .  .  .  1M .  .  .  .  v
F1 .  .  .  .  .  .  .  .  .  .  .  v

43: {Dest: 4 Objs:[4G,3G]}
F4 E  5G 4G 3G 2G 1G .  2M .  .  5M v
F3 .  .  .  .  .  .  .  .  3M 4M .  v
F2 .  .  .  .  .  .  1M .  .  .  .  v
F1 .  .  .  .  .  .  .  .  .  .  .  v

44: {Dest: 3 Objs:[2M]}
F4 .  5G 4G 3G 2G 1G .  .  .  .  5M v
F3 E  .  .  .  .  .  .  2M 3M 4M .  v
F2 .  .  .  .  .  .  1M .  .  .  .  v
F1 .  .  .  .  .  .  .  .  .  .  .  v

45: {Dest: 2 Objs:[2M]}
F4 .  5G 4G 3G 2G 1G .  .  .  .  5M v
F3 .  .  .  .  .  .  .  .  3M 4M .  v
F2 E  .  .  .  .  .  1M 2M .  .  .  v
F1 .  .  .  .  .  .  .  .  .  .  .  v

46: {Dest: 3 Objs:[1M,2M]}
F4 .  5G 4G 3G 2G 1G .  .  .  .  5M v
F3 E  .  .  .  .  .  1M 2M 3M 4M .  v
F2 .  .  .  .  .  .  .  .  .  .  .  v
F1 .  .  .  .  .  .  .  .  .  .  .  v

47: {Dest: 4 Objs:[1M,2M]}
F4 E  5G 4G 3G 2G 1G 1M 2M .  .  5M v
F3 .  .  .  .  .  .  .  .  3M 4M .  v
F2 .  .  .  .  .  .  .  .  .  .  .  v
F1 .  .  .  .  .  .  .  .  .  .  .  v

48: {Dest: 3 Objs:[1M]}
F4 .  5G 4G 3G 2G 1G .  2M .  .  5M v
F3 E  .  .  .  .  .  1M .  3M 4M .  v
F2 .  .  .  .  .  .  .  .  .  .  .  v
F1 .  .  .  .  .  .  .  .  .  .  .  v

49: {Dest: 4 Objs:[1M,3M]}
F4 E  5G 4G 3G 2G 1G 1M 2M 3M .  5M v
F3 .  .  .  .  .  .  .  .  .  4M .  v
F2 .  .  .  .  .  .  .  .  .  .  .  v
F1 .  .  .  .  .  .  .  .  .  .  .  v

50: {Dest: 3 Objs:[4G]}
F4 .  5G .  3G 2G 1G 1M 2M 3M .  5M v
F3 E  .  4G .  .  .  .  .  .  4M .  v
F2 .  .  .  .  .  .  .  .  .  .  .  v
F1 .  .  .  .  .  .  .  .  .  .  .  v

51: {Dest: 4 Objs:[4G,4M]}
F4 E  5G 4G 3G 2G 1G 1M 2M 3M 4M 5M v
F3 .  .  .  .  .  .  .  .  .  .  .  v
F2 .  .  .  .  .  .  .  .  .  .  .  v
F1 .  .  .  .  .  .  .  .  .  .  .  v

